<?xml version="1.0" encoding="UTF-8"?>
<!-- Generated by org.testng.reporters.JUnitReportReporter -->
<testsuite skipped="0" hostname="Girishs-MacBook-Pro.local" name="MultiBrowsers_test.MultiBrowser_test" tests="2" failures="0" timestamp="2021-09-15T11:21:48 IST" time="4.464" errors="0">
  <testcase name="Login_Page_Tests" time="2.457" classname="MultiBrowsers_test.MultiBrowser_test"/>
  <system-out/>
  <testcase name="Login_Page_Tests" time="2.007" classname="MultiBrowsers_test.MultiBrowser_test"/>
  <system-out/>
</testsuite> <!-- MultiBrowsers_test.MultiBrowser_test -->
