<?xml version="1.0" encoding="UTF-8"?>
<!-- Generated by org.testng.reporters.JUnitReportReporter -->
<testsuite skipped="0" hostname="Girishs-MacBook-Pro.local" name="TestNG_Assertions.Google" tests="1" failures="0" timestamp="2021-09-16T06:15:24 IST" time="9.967" errors="0">
  <testcase name="test" time="9.967" classname="TestNG_Assertions.Google"/>
  <system-out/>
</testsuite> <!-- TestNG_Assertions.Google -->
