<?xml version="1.0" encoding="UTF-8"?>
<!-- Generated by org.testng.reporters.JUnitReportReporter -->
<testsuite skipped="0" hostname="Girishs-MacBook-Pro.local" name="Test_Pages.Make_Deposit_Test_Page" tests="1" failures="0" timestamp="2021-09-15T09:49:05 IST" time="12.275" errors="0">
  <testcase name="test" time="12.275" classname="Test_Pages.Make_Deposit_Test_Page"/>
  <system-out/>
</testsuite> <!-- Test_Pages.Make_Deposit_Test_Page -->
