<?xml version="1.0" encoding="UTF-8"?>
<!-- Generated by org.testng.reporters.JUnitReportReporter -->
<testsuite skipped="1" hostname="Girishs-MacBook-Pro.local" name="Test_Pages_TestNG_copy.TesNG_Grouping" tests="3" failures="0" timestamp="2021-09-15T05:57:06 IST" time="26.723" errors="0">
  <testcase name="test3" time="14.125" classname="Test_Pages_TestNG_copy.TesNG_Grouping"/>
  <system-out/>
  <testcase name="test1" time="12.598" classname="Test_Pages_TestNG_copy.TesNG_Grouping"/>
  <system-out/>
  <testcase name="test2" classname="Test_Pages_TestNG_copy.TesNG_Grouping">
    <skipped/>
  </testcase> <!-- test2 -->
  <system-out/>
</testsuite> <!-- Test_Pages_TestNG_copy.TesNG_Grouping -->
