<?xml version="1.0" encoding="UTF-8"?>
<!-- Generated by org.testng.reporters.JUnitReportReporter -->
<testsuite skipped="0" hostname="Girishs-MacBook-Pro.local" name="Test_Pages_TestNG_copy.TesNG_Grouping2" tests="2" failures="0" timestamp="2021-09-14T06:53:53 IST" time="27.172" errors="0">
  <testcase name="test1" time="12.516" classname="Test_Pages_TestNG_copy.TesNG_Grouping2"/>
  <system-out/>
  <testcase name="test2" time="14.656" classname="Test_Pages_TestNG_copy.TesNG_Grouping2"/>
  <system-out/>
</testsuite> <!-- Test_Pages_TestNG_copy.TesNG_Grouping2 -->
