<?xml version="1.0" encoding="UTF-8"?>
<!-- Generated by org.testng.reporters.JUnitReportReporter -->
<testsuite skipped="0" hostname="Girishs-MacBook-Pro.local" name="Test_Pages_TestNG_copy.TesNG_Grouping" tests="2" failures="0" timestamp="2021-09-14T06:54:55 IST" time="27.656" errors="0">
  <testcase name="test1" time="12.662" classname="Test_Pages_TestNG_copy.TesNG_Grouping"/>
  <system-out/>
  <testcase name="test2" time="14.994" classname="Test_Pages_TestNG_copy.TesNG_Grouping"/>
  <system-out/>
</testsuite> <!-- Test_Pages_TestNG_copy.TesNG_Grouping -->
