<?xml version="1.0" encoding="UTF-8"?>
<!-- Generated by org.testng.reporters.JUnitReportReporter -->
<testsuite skipped="0" hostname="Girishs-MacBook-Pro.local" name="Test_Pages.Login_Page_Test" tests="1" failures="0" timestamp="2021-09-16T05:57:35 IST" time="13.168" errors="0">
  <testcase name="Login_test" time="13.168" classname="Test_Pages.Login_Page_Test"/>
  <system-out/>
</testsuite> <!-- Test_Pages.Login_Page_Test -->
