<?xml version="1.0" encoding="UTF-8"?>
<!-- Generated by org.testng.reporters.JUnitReportReporter -->
<testsuite skipped="0" hostname="Girishs-MacBook-Pro.local" name="MultiBrowsers_test.MultiBrowser_test" tests="2" failures="0" timestamp="2021-09-16T05:51:21 IST" time="3.882" errors="0">
  <testcase name="Login_Page_Tests" time="2.036" classname="MultiBrowsers_test.MultiBrowser_test"/>
  <system-out/>
  <testcase name="Login_Page_Tests" time="1.846" classname="MultiBrowsers_test.MultiBrowser_test"/>
  <system-out/>
</testsuite> <!-- MultiBrowsers_test.MultiBrowser_test -->
