<?xml version="1.0" encoding="UTF-8"?>
<!-- Generated by org.testng.reporters.JUnitReportReporter -->
<testsuite skipped="0" hostname="Girishs-MacBook-Pro.local" name="Test_Pages_TestNG_copy.Create_Deposit_Accnt_Test_Page" tests="1" failures="0" timestamp="2021-09-16T06:02:39 IST" time="14.744" errors="0">
  <testcase name="test" time="14.744" classname="Test_Pages_TestNG_copy.Create_Deposit_Accnt_Test_Page"/>
  <system-out/>
</testsuite> <!-- Test_Pages_TestNG_copy.Create_Deposit_Accnt_Test_Page -->
